<?xml version="1.0" encoding="UTF-8"?>
<!-- Generated by org.testng.reporters.JUnitReportReporter -->
<testsuite hostname="QA2" name="utils.SamplePageTest" tests="1" failures="0" timestamp="15 Oct 2013 17:55:21 GMT" time="21.368" errors="0">
  <testcase name="test1" time="21.368" classname="utils.SamplePageTest"/>
</testsuite> <!-- utils.SamplePageTest -->
