<?xml version="1.0" encoding="UTF-8"?>
<!-- Generated by org.testng.reporters.JUnitReportReporter -->
<testsuite hostname="Murtala-Adamous-MacBook-Air.local" name="community.CommunityTest" tests="1" failures="0" timestamp="22 May 2014 00:38:22 GMT" time="25.972" errors="0">
  <testcase name="test" time="25.972" classname="community.CommunityTest"/>
</testsuite> <!-- community.CommunityTest -->
