<?xml version="1.0" encoding="UTF-8"?>
<!-- Generated by org.testng.reporters.JUnitReportReporter -->
<testsuite hostname="Portable" name="community.CommunityTest" tests="1" failures="0" timestamp="21 Apr 2014 05:51:42 GMT" time="29.555" errors="0">
  <testcase name="test" time="29.555" classname="community.CommunityTest"/>
</testsuite> <!-- community.CommunityTest -->
