<?xml version="1.0" encoding="UTF-8"?>
<!-- Generated by org.testng.reporters.JUnitReportReporter -->
<testsuite hostname="Portable" name="community.CommunityTest" tests="1" failures="0" timestamp="17 Apr 2014 03:23:06 GMT" time="24.160" errors="0">
  <testcase name="test" time="24.160" classname="community.CommunityTest"/>
</testsuite> <!-- community.CommunityTest -->
