<?xml version="1.0" encoding="UTF-8"?>
<!-- Generated by org.testng.reporters.JUnitReportReporter -->
<testsuite hostname="Portable" name="community.CommunityTest" tests="1" failures="0" timestamp="22 May 2014 03:36:04 GMT" time="74.985" errors="0">
  <testcase name="test" time="74.985" classname="community.CommunityTest"/>
</testsuite> <!-- community.CommunityTest -->
