<?xml version="1.0" encoding="UTF-8"?>
<!-- Generated by org.testng.reporters.JUnitReportReporter -->
<testsuite hostname="Portable" name="utils.SamplePageTest" tests="1" failures="0" timestamp="27 May 2014 04:25:48 GMT" time="16.307" errors="0">
  <testcase name="test1" time="16.307" classname="utils.SamplePageTest"/>
</testsuite> <!-- utils.SamplePageTest -->
